<?xml version="1.0" encoding="UTF-8"?>
<!-- Generated by org.testng.reporters.JUnitXMLReporter -->
<testsuite ignored="0" hostname="manoj-Latitude-3510" failures="0" tests="3" name="VendorPOrtal-info2" time="39.928" errors="0" timestamp="2024-07-19T23:54:38 IST">
  <testcase classname="com.seleniumDocker.Test.flightreservation.VendorPortal.VendorPortalTest" name="logintest" time="2.621"/>
  <testcase classname="com.seleniumDocker.Test.flightreservation.VendorPortal.VendorPortalTest" name="dashbaordtest" time="0.686"/>
  <testcase classname="com.seleniumDocker.Test.flightreservation.VendorPortal.VendorPortalTest" name="logout" time="4.164"/>
</testsuite> <!-- VendorPOrtal-info2 -->
