<?xml version="1.0" encoding="UTF-8"?>
<!-- Generated by org.testng.reporters.JUnitXMLReporter -->
<testsuite ignored="0" hostname="manoj-Latitude-3510" failures="0" tests="3" name="VendorPOrtal-info1" time="39.538" errors="0" timestamp="2024-07-19T23:54:38 IST">
  <testcase classname="com.seleniumDocker.Test.flightreservation.VendorPortal.VendorPortalTest" name="logintest" time="2.625"/>
  <testcase classname="com.seleniumDocker.Test.flightreservation.VendorPortal.VendorPortalTest" name="dashbaordtest" time="0.709"/>
  <testcase classname="com.seleniumDocker.Test.flightreservation.VendorPortal.VendorPortalTest" name="logout" time="3.788"/>
</testsuite> <!-- VendorPOrtal-info1 -->
