<?xml version="1.0" encoding="UTF-8"?>
<testng-results ignored="0" total="9" passed="9" failed="0" skipped="0">
  <reporter-output>
  </reporter-output>
  <suite started-at="2024-07-19T12:54:04 GMT" name="Vendor-Portal" finished-at="2024-07-19T12:57:01 GMT" duration-ms="177344">
    <groups>
    </groups>
    <test started-at="2024-07-19T12:54:04 GMT" name="VendorPOrtal-info1" finished-at="2024-07-19T12:56:48 GMT" duration-ms="163676">
      <class name="com.seleniumDocker.Test.flightreservation.VendorPortal.VendorPortalTest">
        <test-method is-config="true" signature="setDriver()[pri:0, instance:com.seleniumDocker.Test.flightreservation.VendorPortal.VendorPortalTest@424e1977]" started-at="2024-07-19T12:54:04 GMT" name="setDriver" finished-at="2024-07-19T12:55:45 GMT" duration-ms="100659" status="PASS">
          <reporter-output>
          </reporter-output>
        </test-method> <!-- setDriver -->
        <test-method is-config="true" signature="setPage(java.lang.String)[pri:0, instance:com.seleniumDocker.Test.flightreservation.VendorPortal.VendorPortalTest@424e1977]" started-at="2024-07-19T12:55:45 GMT" name="setPage" finished-at="2024-07-19T12:55:50 GMT" depends-on-methods="com.seleniumDocker.BaseTest.setDriver" duration-ms="5249" status="PASS">
          <params>
            <param index="0">
              <value>
                <![CDATA[test-data/vendor-portal/mike.json]]>
              </value>
            </param>
          </params>
          <reporter-output>
          </reporter-output>
        </test-method> <!-- setPage -->
        <test-method signature="logintest()[pri:0, instance:com.seleniumDocker.Test.flightreservation.VendorPortal.VendorPortalTest@424e1977]" started-at="2024-07-19T12:55:50 GMT" name="logintest" finished-at="2024-07-19T12:56:26 GMT" duration-ms="36541" status="PASS">
          <reporter-output>
          </reporter-output>
        </test-method> <!-- logintest -->
        <test-method is-config="true" signature="sleep()[pri:0, instance:com.seleniumDocker.Test.flightreservation.VendorPortal.VendorPortalTest@424e1977]" started-at="2024-07-19T12:56:26 GMT" name="sleep" finished-at="2024-07-19T12:56:31 GMT" duration-ms="5000" status="PASS">
          <reporter-output>
          </reporter-output>
        </test-method> <!-- sleep -->
        <test-method signature="dashbaordtest()[pri:0, instance:com.seleniumDocker.Test.flightreservation.VendorPortal.VendorPortalTest@424e1977]" started-at="2024-07-19T12:56:31 GMT" name="dashbaordtest" finished-at="2024-07-19T12:56:33 GMT" depends-on-methods="com.seleniumDocker.Test.flightreservation.VendorPortal.VendorPortalTest.logintest" duration-ms="1532" status="PASS">
          <reporter-output>
          </reporter-output>
        </test-method> <!-- dashbaordtest -->
        <test-method is-config="true" signature="sleep()[pri:0, instance:com.seleniumDocker.Test.flightreservation.VendorPortal.VendorPortalTest@424e1977]" started-at="2024-07-19T12:56:33 GMT" name="sleep" finished-at="2024-07-19T12:56:38 GMT" duration-ms="5001" status="PASS">
          <reporter-output>
          </reporter-output>
        </test-method> <!-- sleep -->
        <test-method signature="logout()[pri:0, instance:com.seleniumDocker.Test.flightreservation.VendorPortal.VendorPortalTest@424e1977]" started-at="2024-07-19T12:56:38 GMT" name="logout" finished-at="2024-07-19T12:56:40 GMT" depends-on-methods="com.seleniumDocker.Test.flightreservation.VendorPortal.VendorPortalTest.dashbaordtest" duration-ms="1981" status="PASS">
          <reporter-output>
          </reporter-output>
        </test-method> <!-- logout -->
        <test-method is-config="true" signature="sleep()[pri:0, instance:com.seleniumDocker.Test.flightreservation.VendorPortal.VendorPortalTest@424e1977]" started-at="2024-07-19T12:56:40 GMT" name="sleep" finished-at="2024-07-19T12:56:45 GMT" duration-ms="5000" status="PASS">
          <reporter-output>
          </reporter-output>
        </test-method> <!-- sleep -->
        <test-method is-config="true" signature="quit()[pri:0, instance:com.seleniumDocker.Test.flightreservation.VendorPortal.VendorPortalTest@424e1977]" started-at="2024-07-19T12:56:45 GMT" name="quit" finished-at="2024-07-19T12:56:48 GMT" duration-ms="2655" status="PASS">
          <reporter-output>
          </reporter-output>
        </test-method> <!-- quit -->
      </class> <!-- com.seleniumDocker.Test.flightreservation.VendorPortal.VendorPortalTest -->
    </test> <!-- VendorPOrtal-info1 -->
    <test started-at="2024-07-19T12:54:04 GMT" name="VendorPOrtal-info2" finished-at="2024-07-19T12:56:55 GMT" duration-ms="170751">
      <class name="com.seleniumDocker.Test.flightreservation.VendorPortal.VendorPortalTest">
        <test-method is-config="true" signature="setupConfig()[pri:0, instance:com.seleniumDocker.Test.flightreservation.VendorPortal.VendorPortalTest@3c0be339]" started-at="2024-07-19T12:54:04 GMT" name="setupConfig" finished-at="2024-07-19T12:54:04 GMT" duration-ms="196" status="PASS">
          <reporter-output>
          </reporter-output>
        </test-method> <!-- setupConfig -->
        <test-method is-config="true" signature="setDriver()[pri:0, instance:com.seleniumDocker.Test.flightreservation.VendorPortal.VendorPortalTest@3c0be339]" started-at="2024-07-19T12:54:04 GMT" name="setDriver" finished-at="2024-07-19T12:55:45 GMT" duration-ms="100657" status="PASS">
          <reporter-output>
          </reporter-output>
        </test-method> <!-- setDriver -->
        <test-method is-config="true" signature="setPage(java.lang.String)[pri:0, instance:com.seleniumDocker.Test.flightreservation.VendorPortal.VendorPortalTest@3c0be339]" started-at="2024-07-19T12:55:45 GMT" name="setPage" finished-at="2024-07-19T12:55:50 GMT" depends-on-methods="com.seleniumDocker.BaseTest.setDriver" duration-ms="5249" status="PASS">
          <params>
            <param index="0">
              <value>
                <![CDATA[test-data/vendor-portal/john.json]]>
              </value>
            </param>
          </params>
          <reporter-output>
          </reporter-output>
        </test-method> <!-- setPage -->
        <test-method signature="logintest()[pri:0, instance:com.seleniumDocker.Test.flightreservation.VendorPortal.VendorPortalTest@3c0be339]" started-at="2024-07-19T12:55:50 GMT" name="logintest" finished-at="2024-07-19T12:56:20 GMT" duration-ms="29607" status="PASS">
          <reporter-output>
          </reporter-output>
        </test-method> <!-- logintest -->
        <test-method is-config="true" signature="sleep()[pri:0, instance:com.seleniumDocker.Test.flightreservation.VendorPortal.VendorPortalTest@3c0be339]" started-at="2024-07-19T12:56:20 GMT" name="sleep" finished-at="2024-07-19T12:56:25 GMT" duration-ms="5147" status="PASS">
          <reporter-output>
          </reporter-output>
        </test-method> <!-- sleep -->
        <test-method signature="dashbaordtest()[pri:0, instance:com.seleniumDocker.Test.flightreservation.VendorPortal.VendorPortalTest@3c0be339]" started-at="2024-07-19T12:56:26 GMT" name="dashbaordtest" finished-at="2024-07-19T12:56:32 GMT" depends-on-methods="com.seleniumDocker.Test.flightreservation.VendorPortal.VendorPortalTest.logintest" duration-ms="6129" status="PASS">
          <reporter-output>
          </reporter-output>
        </test-method> <!-- dashbaordtest -->
        <test-method is-config="true" signature="sleep()[pri:0, instance:com.seleniumDocker.Test.flightreservation.VendorPortal.VendorPortalTest@3c0be339]" started-at="2024-07-19T12:56:32 GMT" name="sleep" finished-at="2024-07-19T12:56:37 GMT" duration-ms="5001" status="PASS">
          <reporter-output>
          </reporter-output>
        </test-method> <!-- sleep -->
        <test-method signature="logout()[pri:0, instance:com.seleniumDocker.Test.flightreservation.VendorPortal.VendorPortalTest@3c0be339]" started-at="2024-07-19T12:56:37 GMT" name="logout" finished-at="2024-07-19T12:56:49 GMT" depends-on-methods="com.seleniumDocker.Test.flightreservation.VendorPortal.VendorPortalTest.dashbaordtest" duration-ms="12200" status="PASS">
          <reporter-output>
          </reporter-output>
        </test-method> <!-- logout -->
        <test-method is-config="true" signature="sleep()[pri:0, instance:com.seleniumDocker.Test.flightreservation.VendorPortal.VendorPortalTest@3c0be339]" started-at="2024-07-19T12:56:49 GMT" name="sleep" finished-at="2024-07-19T12:56:54 GMT" duration-ms="5001" status="PASS">
          <reporter-output>
          </reporter-output>
        </test-method> <!-- sleep -->
        <test-method is-config="true" signature="quit()[pri:0, instance:com.seleniumDocker.Test.flightreservation.VendorPortal.VendorPortalTest@3c0be339]" started-at="2024-07-19T12:56:54 GMT" name="quit" finished-at="2024-07-19T12:56:55 GMT" duration-ms="704" status="PASS">
          <reporter-output>
          </reporter-output>
        </test-method> <!-- quit -->
      </class> <!-- com.seleniumDocker.Test.flightreservation.VendorPortal.VendorPortalTest -->
    </test> <!-- VendorPOrtal-info2 -->
    <test started-at="2024-07-19T12:54:04 GMT" name="VendorPOrtal-info" finished-at="2024-07-19T12:57:01 GMT" duration-ms="177344">
      <class name="com.seleniumDocker.Test.flightreservation.VendorPortal.VendorPortalTest">
        <test-method is-config="true" signature="setDriver()[pri:0, instance:com.seleniumDocker.Test.flightreservation.VendorPortal.VendorPortalTest@79d8407f]" started-at="2024-07-19T12:54:04 GMT" name="setDriver" finished-at="2024-07-19T12:55:45 GMT" duration-ms="100668" status="PASS">
          <reporter-output>
          </reporter-output>
        </test-method> <!-- setDriver -->
        <test-method is-config="true" signature="setPage(java.lang.String)[pri:0, instance:com.seleniumDocker.Test.flightreservation.VendorPortal.VendorPortalTest@79d8407f]" started-at="2024-07-19T12:55:45 GMT" name="setPage" finished-at="2024-07-19T12:55:50 GMT" depends-on-methods="com.seleniumDocker.BaseTest.setDriver" duration-ms="5249" status="PASS">
          <params>
            <param index="0">
              <value>
                <![CDATA[test-data/vendor-portal/sam.json]]>
              </value>
            </param>
          </params>
          <reporter-output>
          </reporter-output>
        </test-method> <!-- setPage -->
        <test-method signature="logintest()[pri:0, instance:com.seleniumDocker.Test.flightreservation.VendorPortal.VendorPortalTest@79d8407f]" started-at="2024-07-19T12:55:50 GMT" name="logintest" finished-at="2024-07-19T12:56:19 GMT" duration-ms="29527" status="PASS">
          <reporter-output>
          </reporter-output>
        </test-method> <!-- logintest -->
        <test-method is-config="true" signature="sleep()[pri:0, instance:com.seleniumDocker.Test.flightreservation.VendorPortal.VendorPortalTest@79d8407f]" started-at="2024-07-19T12:56:20 GMT" name="sleep" finished-at="2024-07-19T12:56:25 GMT" duration-ms="5147" status="PASS">
          <reporter-output>
          </reporter-output>
        </test-method> <!-- sleep -->
        <test-method signature="dashbaordtest()[pri:0, instance:com.seleniumDocker.Test.flightreservation.VendorPortal.VendorPortalTest@79d8407f]" started-at="2024-07-19T12:56:26 GMT" name="dashbaordtest" finished-at="2024-07-19T12:56:30 GMT" depends-on-methods="com.seleniumDocker.Test.flightreservation.VendorPortal.VendorPortalTest.logintest" duration-ms="4379" status="PASS">
          <reporter-output>
          </reporter-output>
        </test-method> <!-- dashbaordtest -->
        <test-method is-config="true" signature="sleep()[pri:0, instance:com.seleniumDocker.Test.flightreservation.VendorPortal.VendorPortalTest@79d8407f]" started-at="2024-07-19T12:56:30 GMT" name="sleep" finished-at="2024-07-19T12:56:35 GMT" duration-ms="5000" status="PASS">
          <reporter-output>
          </reporter-output>
        </test-method> <!-- sleep -->
        <test-method signature="logout()[pri:0, instance:com.seleniumDocker.Test.flightreservation.VendorPortal.VendorPortalTest@79d8407f]" started-at="2024-07-19T12:56:35 GMT" name="logout" finished-at="2024-07-19T12:56:56 GMT" depends-on-methods="com.seleniumDocker.Test.flightreservation.VendorPortal.VendorPortalTest.dashbaordtest" duration-ms="20702" status="PASS">
          <reporter-output>
          </reporter-output>
        </test-method> <!-- logout -->
        <test-method is-config="true" signature="sleep()[pri:0, instance:com.seleniumDocker.Test.flightreservation.VendorPortal.VendorPortalTest@79d8407f]" started-at="2024-07-19T12:56:56 GMT" name="sleep" finished-at="2024-07-19T12:57:01 GMT" duration-ms="5001" status="PASS">
          <reporter-output>
          </reporter-output>
        </test-method> <!-- sleep -->
        <test-method is-config="true" signature="quit()[pri:0, instance:com.seleniumDocker.Test.flightreservation.VendorPortal.VendorPortalTest@79d8407f]" started-at="2024-07-19T12:57:01 GMT" name="quit" finished-at="2024-07-19T12:57:01 GMT" duration-ms="534" status="PASS">
          <reporter-output>
          </reporter-output>
        </test-method> <!-- quit -->
      </class> <!-- com.seleniumDocker.Test.flightreservation.VendorPortal.VendorPortalTest -->
    </test> <!-- VendorPOrtal-info -->
  </suite> <!-- Vendor-Portal -->
</testng-results>
