<?xml version="1.0" encoding="UTF-8"?>
<testng-results ignored="0" total="9" passed="9" failed="0" skipped="0">
  <reporter-output>
  </reporter-output>
  <suite started-at="2024-07-23T07:31:16 GMT" name="Vendor-Portal" finished-at="2024-07-23T07:35:02 GMT" duration-ms="225472">
    <groups>
    </groups>
    <test started-at="2024-07-23T07:31:16 GMT" name="VendorPOrtal-info" finished-at="2024-07-23T07:35:02 GMT" duration-ms="225449">
      <class name="com.seleniumDocker.Test.flightreservation.VendorPortal.VendorPortalTest">
        <test-method is-config="true" signature="setDriver()[pri:0, instance:com.seleniumDocker.Test.flightreservation.VendorPortal.VendorPortalTest@5fbe4146]" started-at="2024-07-23T07:31:16 GMT" name="setDriver" finished-at="2024-07-23T07:33:20 GMT" duration-ms="123412" status="PASS">
          <reporter-output>
          </reporter-output>
        </test-method> <!-- setDriver -->
        <test-method is-config="true" signature="setPage(java.lang.String)[pri:0, instance:com.seleniumDocker.Test.flightreservation.VendorPortal.VendorPortalTest@5fbe4146]" started-at="2024-07-23T07:33:20 GMT" name="setPage" finished-at="2024-07-23T07:33:55 GMT" depends-on-methods="com.seleniumDocker.BaseTest.setDriver" duration-ms="34976" status="PASS">
          <params>
            <param index="0">
              <value>
                <![CDATA[test-data/vendor-portal/sam.json]]>
              </value>
            </param>
          </params>
          <reporter-output>
          </reporter-output>
        </test-method> <!-- setPage -->
        <test-method signature="logintest()[pri:0, instance:com.seleniumDocker.Test.flightreservation.VendorPortal.VendorPortalTest@5fbe4146]" started-at="2024-07-23T07:33:56 GMT" name="logintest" finished-at="2024-07-23T07:34:32 GMT" duration-ms="35756" status="PASS">
          <reporter-output>
          </reporter-output>
        </test-method> <!-- logintest -->
        <test-method is-config="true" signature="sleep()[pri:0, instance:com.seleniumDocker.Test.flightreservation.VendorPortal.VendorPortalTest@5fbe4146]" started-at="2024-07-23T07:34:32 GMT" name="sleep" finished-at="2024-07-23T07:34:37 GMT" duration-ms="5000" status="PASS">
          <reporter-output>
          </reporter-output>
        </test-method> <!-- sleep -->
        <test-method signature="dashbaordtest()[pri:0, instance:com.seleniumDocker.Test.flightreservation.VendorPortal.VendorPortalTest@5fbe4146]" started-at="2024-07-23T07:34:37 GMT" name="dashbaordtest" finished-at="2024-07-23T07:34:40 GMT" depends-on-methods="com.seleniumDocker.Test.flightreservation.VendorPortal.VendorPortalTest.logintest" duration-ms="3167" status="PASS">
          <reporter-output>
          </reporter-output>
        </test-method> <!-- dashbaordtest -->
        <test-method is-config="true" signature="sleep()[pri:0, instance:com.seleniumDocker.Test.flightreservation.VendorPortal.VendorPortalTest@5fbe4146]" started-at="2024-07-23T07:34:40 GMT" name="sleep" finished-at="2024-07-23T07:34:45 GMT" duration-ms="5002" status="PASS">
          <reporter-output>
          </reporter-output>
        </test-method> <!-- sleep -->
        <test-method signature="logout()[pri:0, instance:com.seleniumDocker.Test.flightreservation.VendorPortal.VendorPortalTest@5fbe4146]" started-at="2024-07-23T07:34:45 GMT" name="logout" finished-at="2024-07-23T07:34:47 GMT" depends-on-methods="com.seleniumDocker.Test.flightreservation.VendorPortal.VendorPortalTest.dashbaordtest" duration-ms="2557" status="PASS">
          <reporter-output>
          </reporter-output>
        </test-method> <!-- logout -->
        <test-method is-config="true" signature="sleep()[pri:0, instance:com.seleniumDocker.Test.flightreservation.VendorPortal.VendorPortalTest@5fbe4146]" started-at="2024-07-23T07:34:47 GMT" name="sleep" finished-at="2024-07-23T07:34:52 GMT" duration-ms="5001" status="PASS">
          <reporter-output>
          </reporter-output>
        </test-method> <!-- sleep -->
        <test-method is-config="true" signature="quit()[pri:0, instance:com.seleniumDocker.Test.flightreservation.VendorPortal.VendorPortalTest@5fbe4146]" started-at="2024-07-23T07:34:52 GMT" name="quit" finished-at="2024-07-23T07:35:02 GMT" duration-ms="9637" status="PASS">
          <reporter-output>
          </reporter-output>
        </test-method> <!-- quit -->
      </class> <!-- com.seleniumDocker.Test.flightreservation.VendorPortal.VendorPortalTest -->
    </test> <!-- VendorPOrtal-info -->
    <test started-at="2024-07-23T07:31:16 GMT" name="VendorPOrtal-info2" finished-at="2024-07-23T07:35:02 GMT" duration-ms="225458">
      <class name="com.seleniumDocker.Test.flightreservation.VendorPortal.VendorPortalTest">
        <test-method is-config="true" signature="setupConfig()[pri:0, instance:com.seleniumDocker.Test.flightreservation.VendorPortal.VendorPortalTest@15ca7889]" started-at="2024-07-23T07:31:16 GMT" name="setupConfig" finished-at="2024-07-23T07:31:16 GMT" duration-ms="154" status="PASS">
          <reporter-output>
          </reporter-output>
        </test-method> <!-- setupConfig -->
        <test-method is-config="true" signature="setDriver()[pri:0, instance:com.seleniumDocker.Test.flightreservation.VendorPortal.VendorPortalTest@15ca7889]" started-at="2024-07-23T07:31:16 GMT" name="setDriver" finished-at="2024-07-23T07:33:20 GMT" duration-ms="123401" status="PASS">
          <reporter-output>
          </reporter-output>
        </test-method> <!-- setDriver -->
        <test-method is-config="true" signature="setPage(java.lang.String)[pri:0, instance:com.seleniumDocker.Test.flightreservation.VendorPortal.VendorPortalTest@15ca7889]" started-at="2024-07-23T07:33:20 GMT" name="setPage" finished-at="2024-07-23T07:33:55 GMT" depends-on-methods="com.seleniumDocker.BaseTest.setDriver" duration-ms="34974" status="PASS">
          <params>
            <param index="0">
              <value>
                <![CDATA[test-data/vendor-portal/john.json]]>
              </value>
            </param>
          </params>
          <reporter-output>
          </reporter-output>
        </test-method> <!-- setPage -->
        <test-method signature="logintest()[pri:0, instance:com.seleniumDocker.Test.flightreservation.VendorPortal.VendorPortalTest@15ca7889]" started-at="2024-07-23T07:33:56 GMT" name="logintest" finished-at="2024-07-23T07:34:31 GMT" duration-ms="35155" status="PASS">
          <reporter-output>
          </reporter-output>
        </test-method> <!-- logintest -->
        <test-method is-config="true" signature="sleep()[pri:0, instance:com.seleniumDocker.Test.flightreservation.VendorPortal.VendorPortalTest@15ca7889]" started-at="2024-07-23T07:34:31 GMT" name="sleep" finished-at="2024-07-23T07:34:36 GMT" duration-ms="5201" status="PASS">
          <reporter-output>
          </reporter-output>
        </test-method> <!-- sleep -->
        <test-method signature="dashbaordtest()[pri:0, instance:com.seleniumDocker.Test.flightreservation.VendorPortal.VendorPortalTest@15ca7889]" started-at="2024-07-23T07:34:36 GMT" name="dashbaordtest" finished-at="2024-07-23T07:34:40 GMT" depends-on-methods="com.seleniumDocker.Test.flightreservation.VendorPortal.VendorPortalTest.logintest" duration-ms="3399" status="PASS">
          <reporter-output>
          </reporter-output>
        </test-method> <!-- dashbaordtest -->
        <test-method is-config="true" signature="sleep()[pri:0, instance:com.seleniumDocker.Test.flightreservation.VendorPortal.VendorPortalTest@15ca7889]" started-at="2024-07-23T07:34:40 GMT" name="sleep" finished-at="2024-07-23T07:34:45 GMT" duration-ms="5001" status="PASS">
          <reporter-output>
          </reporter-output>
        </test-method> <!-- sleep -->
        <test-method signature="logout()[pri:0, instance:com.seleniumDocker.Test.flightreservation.VendorPortal.VendorPortalTest@15ca7889]" started-at="2024-07-23T07:34:45 GMT" name="logout" finished-at="2024-07-23T07:34:48 GMT" depends-on-methods="com.seleniumDocker.Test.flightreservation.VendorPortal.VendorPortalTest.dashbaordtest" duration-ms="3039" status="PASS">
          <reporter-output>
          </reporter-output>
        </test-method> <!-- logout -->
        <test-method is-config="true" signature="sleep()[pri:0, instance:com.seleniumDocker.Test.flightreservation.VendorPortal.VendorPortalTest@15ca7889]" started-at="2024-07-23T07:34:48 GMT" name="sleep" finished-at="2024-07-23T07:34:53 GMT" duration-ms="5001" status="PASS">
          <reporter-output>
          </reporter-output>
        </test-method> <!-- sleep -->
        <test-method is-config="true" signature="quit()[pri:0, instance:com.seleniumDocker.Test.flightreservation.VendorPortal.VendorPortalTest@15ca7889]" started-at="2024-07-23T07:34:53 GMT" name="quit" finished-at="2024-07-23T07:35:02 GMT" duration-ms="8991" status="PASS">
          <reporter-output>
          </reporter-output>
        </test-method> <!-- quit -->
      </class> <!-- com.seleniumDocker.Test.flightreservation.VendorPortal.VendorPortalTest -->
    </test> <!-- VendorPOrtal-info2 -->
    <test started-at="2024-07-23T07:31:16 GMT" name="VendorPOrtal-info1" finished-at="2024-07-23T07:35:02 GMT" duration-ms="225435">
      <class name="com.seleniumDocker.Test.flightreservation.VendorPortal.VendorPortalTest">
        <test-method is-config="true" signature="setDriver()[pri:0, instance:com.seleniumDocker.Test.flightreservation.VendorPortal.VendorPortalTest@10d68fcd]" started-at="2024-07-23T07:31:16 GMT" name="setDriver" finished-at="2024-07-23T07:33:20 GMT" duration-ms="123403" status="PASS">
          <reporter-output>
          </reporter-output>
        </test-method> <!-- setDriver -->
        <test-method is-config="true" signature="setPage(java.lang.String)[pri:0, instance:com.seleniumDocker.Test.flightreservation.VendorPortal.VendorPortalTest@10d68fcd]" started-at="2024-07-23T07:33:20 GMT" name="setPage" finished-at="2024-07-23T07:33:55 GMT" depends-on-methods="com.seleniumDocker.BaseTest.setDriver" duration-ms="34972" status="PASS">
          <params>
            <param index="0">
              <value>
                <![CDATA[test-data/vendor-portal/mike.json]]>
              </value>
            </param>
          </params>
          <reporter-output>
          </reporter-output>
        </test-method> <!-- setPage -->
        <test-method signature="logintest()[pri:0, instance:com.seleniumDocker.Test.flightreservation.VendorPortal.VendorPortalTest@10d68fcd]" started-at="2024-07-23T07:33:56 GMT" name="logintest" finished-at="2024-07-23T07:34:31 GMT" duration-ms="35243" status="PASS">
          <reporter-output>
          </reporter-output>
        </test-method> <!-- logintest -->
        <test-method is-config="true" signature="sleep()[pri:0, instance:com.seleniumDocker.Test.flightreservation.VendorPortal.VendorPortalTest@10d68fcd]" started-at="2024-07-23T07:34:31 GMT" name="sleep" finished-at="2024-07-23T07:34:36 GMT" duration-ms="5201" status="PASS">
          <reporter-output>
          </reporter-output>
        </test-method> <!-- sleep -->
        <test-method signature="dashbaordtest()[pri:0, instance:com.seleniumDocker.Test.flightreservation.VendorPortal.VendorPortalTest@10d68fcd]" started-at="2024-07-23T07:34:36 GMT" name="dashbaordtest" finished-at="2024-07-23T07:34:40 GMT" depends-on-methods="com.seleniumDocker.Test.flightreservation.VendorPortal.VendorPortalTest.logintest" duration-ms="3076" status="PASS">
          <reporter-output>
          </reporter-output>
        </test-method> <!-- dashbaordtest -->
        <test-method is-config="true" signature="sleep()[pri:0, instance:com.seleniumDocker.Test.flightreservation.VendorPortal.VendorPortalTest@10d68fcd]" started-at="2024-07-23T07:34:40 GMT" name="sleep" finished-at="2024-07-23T07:34:45 GMT" duration-ms="5007" status="PASS">
          <reporter-output>
          </reporter-output>
        </test-method> <!-- sleep -->
        <test-method signature="logout()[pri:0, instance:com.seleniumDocker.Test.flightreservation.VendorPortal.VendorPortalTest@10d68fcd]" started-at="2024-07-23T07:34:45 GMT" name="logout" finished-at="2024-07-23T07:34:48 GMT" depends-on-methods="com.seleniumDocker.Test.flightreservation.VendorPortal.VendorPortalTest.dashbaordtest" duration-ms="3723" status="PASS">
          <reporter-output>
          </reporter-output>
        </test-method> <!-- logout -->
        <test-method is-config="true" signature="sleep()[pri:0, instance:com.seleniumDocker.Test.flightreservation.VendorPortal.VendorPortalTest@10d68fcd]" started-at="2024-07-23T07:34:48 GMT" name="sleep" finished-at="2024-07-23T07:34:53 GMT" duration-ms="5000" status="PASS">
          <reporter-output>
          </reporter-output>
        </test-method> <!-- sleep -->
        <test-method is-config="true" signature="quit()[pri:0, instance:com.seleniumDocker.Test.flightreservation.VendorPortal.VendorPortalTest@10d68fcd]" started-at="2024-07-23T07:34:53 GMT" name="quit" finished-at="2024-07-23T07:35:02 GMT" duration-ms="8597" status="PASS">
          <reporter-output>
          </reporter-output>
        </test-method> <!-- quit -->
      </class> <!-- com.seleniumDocker.Test.flightreservation.VendorPortal.VendorPortalTest -->
    </test> <!-- VendorPOrtal-info1 -->
  </suite> <!-- Vendor-Portal -->
</testng-results>
