<?xml version="1.0" encoding="UTF-8"?>
<testng-results ignored="0" total="9" passed="9" failed="0" skipped="0">
  <reporter-output>
  </reporter-output>
  <suite started-at="2024-07-19T23:53:58 IST" name="Vendor-Portal" finished-at="2024-07-19T23:54:38 IST" duration-ms="39929">
    <groups>
    </groups>
    <test started-at="2024-07-19T23:53:58 IST" name="VendorPOrtal-info" finished-at="2024-07-19T23:54:38 IST" duration-ms="39826">
      <class name="com.seleniumDocker.Test.flightreservation.VendorPortal.VendorPortalTest">
        <test-method is-config="true" signature="setDriver()[pri:0, instance:com.seleniumDocker.Test.flightreservation.VendorPortal.VendorPortalTest@37574691]" started-at="2024-07-19T23:53:58 IST" name="setDriver" finished-at="2024-07-19T23:54:12 IST" duration-ms="13446" status="PASS">
          <reporter-output>
          </reporter-output>
        </test-method> <!-- setDriver -->
        <test-method is-config="true" signature="setPage(java.lang.String)[pri:0, instance:com.seleniumDocker.Test.flightreservation.VendorPortal.VendorPortalTest@37574691]" started-at="2024-07-19T23:54:12 IST" name="setPage" finished-at="2024-07-19T23:54:14 IST" depends-on-methods="com.seleniumDocker.BaseTest.setDriver" duration-ms="2341" status="PASS">
          <params>
            <param index="0">
              <value>
                <![CDATA[test-data/vendor-portal/sam.json]]>
              </value>
            </param>
          </params>
          <reporter-output>
          </reporter-output>
        </test-method> <!-- setPage -->
        <test-method signature="logintest()[pri:0, instance:com.seleniumDocker.Test.flightreservation.VendorPortal.VendorPortalTest@37574691]" started-at="2024-07-19T23:54:14 IST" name="logintest" finished-at="2024-07-19T23:54:17 IST" duration-ms="2991" status="PASS">
          <reporter-output>
          </reporter-output>
        </test-method> <!-- logintest -->
        <test-method is-config="true" signature="sleep()[pri:0, instance:com.seleniumDocker.Test.flightreservation.VendorPortal.VendorPortalTest@37574691]" started-at="2024-07-19T23:54:17 IST" name="sleep" finished-at="2024-07-19T23:54:22 IST" duration-ms="5002" status="PASS">
          <reporter-output>
          </reporter-output>
        </test-method> <!-- sleep -->
        <test-method signature="dashbaordtest()[pri:0, instance:com.seleniumDocker.Test.flightreservation.VendorPortal.VendorPortalTest@37574691]" started-at="2024-07-19T23:54:22 IST" name="dashbaordtest" finished-at="2024-07-19T23:54:23 IST" depends-on-methods="com.seleniumDocker.Test.flightreservation.VendorPortal.VendorPortalTest.logintest" duration-ms="950" status="PASS">
          <reporter-output>
          </reporter-output>
        </test-method> <!-- dashbaordtest -->
        <test-method is-config="true" signature="sleep()[pri:0, instance:com.seleniumDocker.Test.flightreservation.VendorPortal.VendorPortalTest@37574691]" started-at="2024-07-19T23:54:23 IST" name="sleep" finished-at="2024-07-19T23:54:28 IST" duration-ms="5001" status="PASS">
          <reporter-output>
          </reporter-output>
        </test-method> <!-- sleep -->
        <test-method signature="logout()[pri:0, instance:com.seleniumDocker.Test.flightreservation.VendorPortal.VendorPortalTest@37574691]" started-at="2024-07-19T23:54:28 IST" name="logout" finished-at="2024-07-19T23:54:32 IST" depends-on-methods="com.seleniumDocker.Test.flightreservation.VendorPortal.VendorPortalTest.dashbaordtest" duration-ms="3708" status="PASS">
          <reporter-output>
          </reporter-output>
        </test-method> <!-- logout -->
        <test-method is-config="true" signature="sleep()[pri:0, instance:com.seleniumDocker.Test.flightreservation.VendorPortal.VendorPortalTest@37574691]" started-at="2024-07-19T23:54:32 IST" name="sleep" finished-at="2024-07-19T23:54:37 IST" duration-ms="5001" status="PASS">
          <reporter-output>
          </reporter-output>
        </test-method> <!-- sleep -->
        <test-method is-config="true" signature="quit()[pri:0, instance:com.seleniumDocker.Test.flightreservation.VendorPortal.VendorPortalTest@37574691]" started-at="2024-07-19T23:54:37 IST" name="quit" finished-at="2024-07-19T23:54:38 IST" duration-ms="1302" status="PASS">
          <reporter-output>
          </reporter-output>
        </test-method> <!-- quit -->
      </class> <!-- com.seleniumDocker.Test.flightreservation.VendorPortal.VendorPortalTest -->
    </test> <!-- VendorPOrtal-info -->
    <test started-at="2024-07-19T23:53:58 IST" name="VendorPOrtal-info2" finished-at="2024-07-19T23:54:38 IST" duration-ms="39928">
      <class name="com.seleniumDocker.Test.flightreservation.VendorPortal.VendorPortalTest">
        <test-method is-config="true" signature="setupConfig()[pri:0, instance:com.seleniumDocker.Test.flightreservation.VendorPortal.VendorPortalTest@4d49af10]" started-at="2024-07-19T23:53:58 IST" name="setupConfig" finished-at="2024-07-19T23:53:58 IST" duration-ms="109" status="PASS">
          <reporter-output>
          </reporter-output>
        </test-method> <!-- setupConfig -->
        <test-method is-config="true" signature="setDriver()[pri:0, instance:com.seleniumDocker.Test.flightreservation.VendorPortal.VendorPortalTest@4d49af10]" started-at="2024-07-19T23:53:58 IST" name="setDriver" finished-at="2024-07-19T23:54:12 IST" duration-ms="13452" status="PASS">
          <reporter-output>
          </reporter-output>
        </test-method> <!-- setDriver -->
        <test-method is-config="true" signature="setPage(java.lang.String)[pri:0, instance:com.seleniumDocker.Test.flightreservation.VendorPortal.VendorPortalTest@4d49af10]" started-at="2024-07-19T23:54:12 IST" name="setPage" finished-at="2024-07-19T23:54:14 IST" depends-on-methods="com.seleniumDocker.BaseTest.setDriver" duration-ms="2336" status="PASS">
          <params>
            <param index="0">
              <value>
                <![CDATA[test-data/vendor-portal/john.json]]>
              </value>
            </param>
          </params>
          <reporter-output>
          </reporter-output>
        </test-method> <!-- setPage -->
        <test-method signature="logintest()[pri:0, instance:com.seleniumDocker.Test.flightreservation.VendorPortal.VendorPortalTest@4d49af10]" started-at="2024-07-19T23:54:14 IST" name="logintest" finished-at="2024-07-19T23:54:17 IST" duration-ms="2621" status="PASS">
          <reporter-output>
          </reporter-output>
        </test-method> <!-- logintest -->
        <test-method is-config="true" signature="sleep()[pri:0, instance:com.seleniumDocker.Test.flightreservation.VendorPortal.VendorPortalTest@4d49af10]" started-at="2024-07-19T23:54:17 IST" name="sleep" finished-at="2024-07-19T23:54:22 IST" duration-ms="5265" status="PASS">
          <reporter-output>
          </reporter-output>
        </test-method> <!-- sleep -->
        <test-method signature="dashbaordtest()[pri:0, instance:com.seleniumDocker.Test.flightreservation.VendorPortal.VendorPortalTest@4d49af10]" started-at="2024-07-19T23:54:22 IST" name="dashbaordtest" finished-at="2024-07-19T23:54:23 IST" depends-on-methods="com.seleniumDocker.Test.flightreservation.VendorPortal.VendorPortalTest.logintest" duration-ms="686" status="PASS">
          <reporter-output>
          </reporter-output>
        </test-method> <!-- dashbaordtest -->
        <test-method is-config="true" signature="sleep()[pri:0, instance:com.seleniumDocker.Test.flightreservation.VendorPortal.VendorPortalTest@4d49af10]" started-at="2024-07-19T23:54:23 IST" name="sleep" finished-at="2024-07-19T23:54:28 IST" duration-ms="5001" status="PASS">
          <reporter-output>
          </reporter-output>
        </test-method> <!-- sleep -->
        <test-method signature="logout()[pri:0, instance:com.seleniumDocker.Test.flightreservation.VendorPortal.VendorPortalTest@4d49af10]" started-at="2024-07-19T23:54:28 IST" name="logout" finished-at="2024-07-19T23:54:32 IST" depends-on-methods="com.seleniumDocker.Test.flightreservation.VendorPortal.VendorPortalTest.dashbaordtest" duration-ms="4164" status="PASS">
          <reporter-output>
          </reporter-output>
        </test-method> <!-- logout -->
        <test-method is-config="true" signature="sleep()[pri:0, instance:com.seleniumDocker.Test.flightreservation.VendorPortal.VendorPortalTest@4d49af10]" started-at="2024-07-19T23:54:32 IST" name="sleep" finished-at="2024-07-19T23:54:37 IST" duration-ms="5000" status="PASS">
          <reporter-output>
          </reporter-output>
        </test-method> <!-- sleep -->
        <test-method is-config="true" signature="quit()[pri:0, instance:com.seleniumDocker.Test.flightreservation.VendorPortal.VendorPortalTest@4d49af10]" started-at="2024-07-19T23:54:37 IST" name="quit" finished-at="2024-07-19T23:54:38 IST" duration-ms="1305" status="PASS">
          <reporter-output>
          </reporter-output>
        </test-method> <!-- quit -->
      </class> <!-- com.seleniumDocker.Test.flightreservation.VendorPortal.VendorPortalTest -->
    </test> <!-- VendorPOrtal-info2 -->
    <test started-at="2024-07-19T23:53:58 IST" name="VendorPOrtal-info1" finished-at="2024-07-19T23:54:38 IST" duration-ms="39538">
      <class name="com.seleniumDocker.Test.flightreservation.VendorPortal.VendorPortalTest">
        <test-method is-config="true" signature="setDriver()[pri:0, instance:com.seleniumDocker.Test.flightreservation.VendorPortal.VendorPortalTest@3f200884]" started-at="2024-07-19T23:53:58 IST" name="setDriver" finished-at="2024-07-19T23:54:12 IST" duration-ms="13449" status="PASS">
          <reporter-output>
          </reporter-output>
        </test-method> <!-- setDriver -->
        <test-method is-config="true" signature="setPage(java.lang.String)[pri:0, instance:com.seleniumDocker.Test.flightreservation.VendorPortal.VendorPortalTest@3f200884]" started-at="2024-07-19T23:54:12 IST" name="setPage" finished-at="2024-07-19T23:54:14 IST" depends-on-methods="com.seleniumDocker.BaseTest.setDriver" duration-ms="2339" status="PASS">
          <params>
            <param index="0">
              <value>
                <![CDATA[test-data/vendor-portal/mike.json]]>
              </value>
            </param>
          </params>
          <reporter-output>
          </reporter-output>
        </test-method> <!-- setPage -->
        <test-method signature="logintest()[pri:0, instance:com.seleniumDocker.Test.flightreservation.VendorPortal.VendorPortalTest@3f200884]" started-at="2024-07-19T23:54:14 IST" name="logintest" finished-at="2024-07-19T23:54:17 IST" duration-ms="2625" status="PASS">
          <reporter-output>
          </reporter-output>
        </test-method> <!-- logintest -->
        <test-method is-config="true" signature="sleep()[pri:0, instance:com.seleniumDocker.Test.flightreservation.VendorPortal.VendorPortalTest@3f200884]" started-at="2024-07-19T23:54:17 IST" name="sleep" finished-at="2024-07-19T23:54:22 IST" duration-ms="5261" status="PASS">
          <reporter-output>
          </reporter-output>
        </test-method> <!-- sleep -->
        <test-method signature="dashbaordtest()[pri:0, instance:com.seleniumDocker.Test.flightreservation.VendorPortal.VendorPortalTest@3f200884]" started-at="2024-07-19T23:54:22 IST" name="dashbaordtest" finished-at="2024-07-19T23:54:23 IST" depends-on-methods="com.seleniumDocker.Test.flightreservation.VendorPortal.VendorPortalTest.logintest" duration-ms="709" status="PASS">
          <reporter-output>
          </reporter-output>
        </test-method> <!-- dashbaordtest -->
        <test-method is-config="true" signature="sleep()[pri:0, instance:com.seleniumDocker.Test.flightreservation.VendorPortal.VendorPortalTest@3f200884]" started-at="2024-07-19T23:54:23 IST" name="sleep" finished-at="2024-07-19T23:54:28 IST" duration-ms="5000" status="PASS">
          <reporter-output>
          </reporter-output>
        </test-method> <!-- sleep -->
        <test-method signature="logout()[pri:0, instance:com.seleniumDocker.Test.flightreservation.VendorPortal.VendorPortalTest@3f200884]" started-at="2024-07-19T23:54:28 IST" name="logout" finished-at="2024-07-19T23:54:32 IST" depends-on-methods="com.seleniumDocker.Test.flightreservation.VendorPortal.VendorPortalTest.dashbaordtest" duration-ms="3788" status="PASS">
          <reporter-output>
          </reporter-output>
        </test-method> <!-- logout -->
        <test-method is-config="true" signature="sleep()[pri:0, instance:com.seleniumDocker.Test.flightreservation.VendorPortal.VendorPortalTest@3f200884]" started-at="2024-07-19T23:54:32 IST" name="sleep" finished-at="2024-07-19T23:54:37 IST" duration-ms="5001" status="PASS">
          <reporter-output>
          </reporter-output>
        </test-method> <!-- sleep -->
        <test-method is-config="true" signature="quit()[pri:0, instance:com.seleniumDocker.Test.flightreservation.VendorPortal.VendorPortalTest@3f200884]" started-at="2024-07-19T23:54:37 IST" name="quit" finished-at="2024-07-19T23:54:38 IST" duration-ms="1265" status="PASS">
          <reporter-output>
          </reporter-output>
        </test-method> <!-- quit -->
      </class> <!-- com.seleniumDocker.Test.flightreservation.VendorPortal.VendorPortalTest -->
    </test> <!-- VendorPOrtal-info1 -->
  </suite> <!-- Vendor-Portal -->
</testng-results>
